\BOOKMARK [1][-]{section.1}{Día 1: 20/06/2017}{}% 1
\BOOKMARK [2][-]{subsection.1.1}{Hechos}{section.1}% 2
\BOOKMARK [2][-]{subsection.1.2}{Observaciones}{section.1}% 3
\BOOKMARK [2][-]{subsection.1.3}{Trabajo\040Futuro}{section.1}% 4
\BOOKMARK [1][-]{section.2}{Día 2: 22/06/2017}{}% 5
\BOOKMARK [2][-]{subsection.2.1}{Hechos}{section.2}% 6
\BOOKMARK [2][-]{subsection.2.2}{Observaciones}{section.2}% 7
\BOOKMARK [2][-]{subsection.2.3}{Trabajo\040Futuro}{section.2}% 8
\BOOKMARK [1][-]{section.3}{Día 3: 24/06/2017}{}% 9
\BOOKMARK [2][-]{subsection.3.1}{Hechos}{section.3}% 10
\BOOKMARK [2][-]{subsection.3.2}{Observaciones}{section.3}% 11
\BOOKMARK [2][-]{subsection.3.3}{Trabajo\040Futuro}{section.3}% 12
\BOOKMARK [1][-]{section.4}{Día 4: 27/06/2017}{}% 13
\BOOKMARK [2][-]{subsection.4.1}{Hechos}{section.4}% 14
\BOOKMARK [2][-]{subsection.4.2}{Observaciones}{section.4}% 15
\BOOKMARK [2][-]{subsection.4.3}{Trabajo\040Futuro}{section.4}% 16
\BOOKMARK [1][-]{section.5}{Día 5: 28/06/2017}{}% 17
\BOOKMARK [2][-]{subsection.5.1}{Hechos}{section.5}% 18
\BOOKMARK [2][-]{subsection.5.2}{Observaciones}{section.5}% 19
\BOOKMARK [2][-]{subsection.5.3}{Trabajo\040Futuro}{section.5}% 20
\BOOKMARK [1][-]{section.6}{Día 6: 29/06/2017}{}% 21
\BOOKMARK [2][-]{subsection.6.1}{Hechos}{section.6}% 22
\BOOKMARK [2][-]{subsection.6.2}{Observaciones}{section.6}% 23
\BOOKMARK [2][-]{subsection.6.3}{Trabajo\040Futuro}{section.6}% 24
\BOOKMARK [1][-]{section.7}{Día 7: 30/06/2017}{}% 25
\BOOKMARK [2][-]{subsection.7.1}{Hechos}{section.7}% 26
\BOOKMARK [2][-]{subsection.7.2}{Observaciones}{section.7}% 27
\BOOKMARK [2][-]{subsection.7.3}{Trabajo\040Futuro}{section.7}% 28
\BOOKMARK [1][-]{section.8}{EXTRA}{}% 29
\BOOKMARK [1][-]{section.9}{Día 8: 06/07/2017}{}% 30
\BOOKMARK [2][-]{subsection.9.1}{Hechos}{section.9}% 31
\BOOKMARK [2][-]{subsection.9.2}{Observaciones}{section.9}% 32
\BOOKMARK [2][-]{subsection.9.3}{Trabajo\040Futuro}{section.9}% 33
\BOOKMARK [1][-]{section.10}{Día 9: 07/07/2017}{}% 34
\BOOKMARK [1][-]{section.11}{Hechos}{}% 35
\BOOKMARK [1][-]{section.12}{Observaciones}{}% 36
\BOOKMARK [1][-]{section.13}{Trabajo\040Futuro}{}% 37
\BOOKMARK [1][-]{section.14}{Día 10: 08/07/2017}{}% 38
\BOOKMARK [2][-]{subsection.14.1}{Hechos}{section.14}% 39
\BOOKMARK [2][-]{subsection.14.2}{Observaciones}{section.14}% 40
\BOOKMARK [2][-]{subsection.14.3}{Trabajo\040Futuro}{section.14}% 41
\BOOKMARK [1][-]{section.15}{Día 11: 09/07/2017}{}% 42
\BOOKMARK [2][-]{subsection.15.1}{Hechos}{section.15}% 43
\BOOKMARK [2][-]{subsection.15.2}{Observaciones}{section.15}% 44
\BOOKMARK [2][-]{subsection.15.3}{Trabajo\040Futuro}{section.15}% 45
\BOOKMARK [1][-]{section.16}{EXTRA}{}% 46
\BOOKMARK [1][-]{section.17}{Día 12: 21/07/2017}{}% 47
\BOOKMARK [2][-]{subsection.17.1}{Hechos}{section.17}% 48
\BOOKMARK [2][-]{subsection.17.2}{Observaciones}{section.17}% 49
\BOOKMARK [2][-]{subsection.17.3}{Trabajo\040Futuro}{section.17}% 50
\BOOKMARK [1][-]{section.18}{Día 13: 22/07/2017}{}% 51
\BOOKMARK [2][-]{subsection.18.1}{Hechos}{section.18}% 52
\BOOKMARK [2][-]{subsection.18.2}{Observaciones}{section.18}% 53
\BOOKMARK [2][-]{subsection.18.3}{Trabajo\040Futuro}{section.18}% 54
